<?xml version="1.0" encoding="UTF-8"?>
<!-- Generated by org.testng.reporters.JUnitReportReporter -->
<testsuite hostname="Darshan" name="WorkMarket.TestCases.TestCasesLoginPage" tests="1" failures="0" timestamp="9 Oct 2019 00:09:30 GMT" time="13.334" errors="0">
  <testcase name="LoginPage_Testcase" time="13.334" classname="WorkMarket.TestCases.TestCasesLoginPage"/>
</testsuite> <!-- WorkMarket.TestCases.TestCasesLoginPage -->
